2026-03-07 09:56:33,730 - INFO - Pipeline initialised — DB: market_intelligence.db
2026-03-07 09:56:33,730 - INFO - [DB] Connecting to library.db
2026-03-07 09:56:33,739 - INFO - [DB] ✓ 8 library books collected
2026-03-07 09:56:33,743 - INFO - [API] Searching GitHub: 'books python data'
2026-03-07 09:56:34,651 - INFO - [API] ✓ 20 repos collected
2026-03-07 09:56:37,029 - INFO - [WEB] 'Fiction' — 40 books
2026-03-07 09:56:38,771 - INFO - [WEB] 'Mystery' — 32 books
2026-03-07 09:56:38,975 - INFO - [WEB] 'Science Fiction' — 16 books
2026-03-07 09:56:39,389 - INFO - [WEB] 'History' — 18 books
2026-03-07 09:56:39,404 - INFO - [WEB] ✓ 106 total web books collected
2026-03-07 09:56:45,013 - INFO - All data exported to exports/
2026-03-07 09:56:45,014 - INFO - Pipeline closed
2026-03-07 10:03:50,707 - INFO - Pipeline initialised — DB: market_intelligence.db
2026-03-07 10:03:50,707 - INFO - [DB] Connecting to library.db
2026-03-07 10:03:50,745 - INFO - [DB] ✓ 8 library books collected
2026-03-07 10:03:50,749 - INFO - [API] Searching GitHub: 'books python data'
2026-03-07 10:03:51,731 - INFO - [API] ✓ 20 repos collected
2026-03-07 10:03:54,631 - INFO - [WEB] 'Fiction' — 40 books
2026-03-07 10:03:56,372 - INFO - [WEB] 'Mystery' — 32 books
2026-03-07 10:03:56,780 - INFO - [WEB] 'Science Fiction' — 16 books
2026-03-07 10:03:57,165 - INFO - [WEB] 'History' — 18 books
2026-03-07 10:03:57,180 - INFO - [WEB] ✓ 106 total web books collected
2026-03-07 10:04:00,456 - INFO - All data exported to exports/
2026-03-07 10:04:00,456 - INFO - Pipeline closed
2026-03-07 10:38:46,441 - INFO - Pipeline initialised — DB: market_intelligence.db
2026-03-07 10:38:46,441 - INFO - [DB] Connecting to library.db
2026-03-07 10:38:46,453 - INFO - [DB] ✓ 8 library books collected
2026-03-07 10:38:46,456 - INFO - [API] Searching GitHub: 'books python data'
2026-03-07 10:38:47,389 - INFO - [API] ✓ 20 repos collected
2026-03-07 10:38:50,718 - INFO - [WEB] 'Fiction' — 40 books
2026-03-07 10:38:51,209 - INFO - [WEB] 'Mystery' — 32 books
2026-03-07 10:38:51,418 - INFO - [WEB] 'Science Fiction' — 16 books
2026-03-07 10:38:51,626 - INFO - [WEB] 'History' — 18 books
2026-03-07 10:38:51,669 - INFO - [WEB] ✓ 106 total web books collected
2026-03-07 10:38:57,842 - INFO - All data exported to exports/
2026-03-07 10:38:57,842 - INFO - Pipeline closed
2026-03-07 14:12:16,522 - INFO - Pipeline initialised — DB: market_intelligence.db
2026-03-07 14:12:16,522 - INFO - [DB] Connecting to library.db
2026-03-07 14:12:16,535 - INFO - [DB] 8 library books collected
2026-03-07 14:12:16,538 - INFO - [API] Searching GitHub: 'books python data'
2026-03-07 14:12:17,702 - INFO - [API] 20 repos collected
2026-03-07 14:12:19,360 - INFO - [WEB] 'Fiction' — 40 books
2026-03-07 14:12:19,780 - INFO - [WEB] 'Mystery' — 32 books
2026-03-07 14:12:19,990 - INFO - [WEB] 'Science Fiction' — 16 books
2026-03-07 14:12:20,206 - INFO - [WEB] 'History' — 18 books
2026-03-07 14:12:20,222 - INFO - [WEB] 106 total web books collected
2026-03-07 14:12:24,386 - INFO - All data exported to exports/
2026-03-07 14:12:24,386 - INFO - Pipeline closed
